
  ___  ____  ____  ____  ____ (R)
 /__    /   ____/   /   ____/
___/   /   /___/   /   /___/   16.1   Copyright 1985-2019 StataCorp LLC
  Statistics/Data Analysis            StataCorp
                                      4905 Lakeway Drive
                                      College Station, Texas 77845 USA
                                      800-STATA-PC        http://www.stata.com
                                      979-696-4600        stata@stata.com
                                      979-696-4601 (fax)

6-user Stata network perpetual license:
       Serial number:  501606204656
         Licensed to:  Miklos Koren
                       Central European University

Notes:
      1.  Stata is running in batch mode.
      2.  Unicode is supported; see help unicode_advice.

. do clean_aggregated.do 

. use "input/trade_data_aggregated/trade-data-aggregated.dta", clear

. 
. destring year, replace
year: all characters numeric; replaced as int

. 
. save "temp/aggregated-clean.dta", replace
(note: file temp/aggregated-clean.dta not found)
file temp/aggregated-clean.dta saved

. 
end of do-file
